{"uuid":"5084fdcb-ff06-4bc6-98c0-adadfead8469","historyId":"e36b42da5fb643d5b813d104da378124","fullName":"Login Page Functionality: Validate Error Message when Password is empty","labels":[{"name":"host","value":"Nitins-MacBook-Pro.local"},{"name":"thread","value":"27060@Nitins-MacBook-Pro.local.main(1)"},{"name":"feature","value":"Login Page Functionality"},{"name":"story","value":"Validate Error Message when Password is empty"},{"name":"suite","value":"Login Page Functionality"},{"name":"testClass","value":"Validate Error Message when Password is empty"},{"name":"framework","value":"cucumber4jvm"},{"name":"language","value":"java"},{"name":"gherkin_uri","value":"file:///Users/nitin/eclipseworkspace/Java/SalesforceTekarch_CucumberAutomation/src/test/resources/Features/Login.feature"},{"name":"package","value":"src.test.resources.Features.Login_feature.Login Page Functionality"}],"links":[],"name":"Validate Error Message when Password is empty","status":"failed","statusDetails":{"known":false,"muted":false,"flaky":false,"message":"expected [Login | Salesforce] but found []","trace":"java.lang.AssertionError: expected [Login | Salesforce] but found []\n\tat org.testng.Assert.fail(Assert.java:110)\n\tat org.testng.Assert.failNotEquals(Assert.java:1577)\n\tat org.testng.Assert.assertEqualsImpl(Assert.java:149)\n\tat org.testng.Assert.assertEquals(Assert.java:131)\n\tat org.testng.Assert.assertEquals(Assert.java:655)\n\tat org.testng.Assert.assertEquals(Assert.java:665)\n\tat stepdef.Login_stepdef.user_is_on_landing_page(Login_stepdef.java:41)\n\tat ✽.User is on Landing Page(file:///Users/nitin/eclipseworkspace/Java/SalesforceTekarch_CucumberAutomation/src/test/resources/Features/Login.feature:4)\n"},"stage":"finished","steps":[{"name":"Given  User is on Landing Page","status":"failed","statusDetails":{"known":false,"muted":false,"flaky":false,"message":"expected [Login | Salesforce] but found []","trace":"java.lang.AssertionError: expected [Login | Salesforce] but found []\n\tat org.testng.Assert.fail(Assert.java:110)\n\tat org.testng.Assert.failNotEquals(Assert.java:1577)\n\tat org.testng.Assert.assertEqualsImpl(Assert.java:149)\n\tat org.testng.Assert.assertEquals(Assert.java:131)\n\tat org.testng.Assert.assertEquals(Assert.java:655)\n\tat org.testng.Assert.assertEquals(Assert.java:665)\n\tat stepdef.Login_stepdef.user_is_on_landing_page(Login_stepdef.java:41)\n\tat ✽.User is on Landing Page(file:///Users/nitin/eclipseworkspace/Java/SalesforceTekarch_CucumberAutomation/src/test/resources/Features/Login.feature:4)\n"},"stage":"finished","steps":[],"attachments":[],"parameters":[],"start":1708728454319,"stop":1708728456847},{"name":"When  User enters  valid \"UserName\" in a User name field","status":"skipped","statusDetails":{"known":false,"muted":false,"flaky":false},"stage":"finished","steps":[],"attachments":[],"parameters":[],"start":1708728456856,"stop":1708728456857},{"name":"And  leaves Password field empty","status":"skipped","statusDetails":{"known":false,"muted":false,"flaky":false},"stage":"finished","steps":[],"attachments":[],"parameters":[],"start":1708728456858,"stop":1708728456859},{"name":"And  clicks login button","status":"skipped","statusDetails":{"known":false,"muted":false,"flaky":false},"stage":"finished","steps":[],"attachments":[],"parameters":[],"start":1708728456860,"stop":1708728456864},{"name":"Then  Verify User should see \"Please enter your password.\" error message","status":"skipped","statusDetails":{"known":false,"muted":false,"flaky":false},"stage":"finished","steps":[],"attachments":[],"parameters":[],"start":1708728456869,"stop":1708728456872},{"name":"And  Verify user should  remain on a Login Page","status":"skipped","statusDetails":{"known":false,"muted":false,"flaky":false},"stage":"finished","steps":[],"attachments":[],"parameters":[],"start":1708728456873,"stop":1708728456874}],"attachments":[],"parameters":[],"start":1708728454214,"stop":1708728456876}